<?xml version="1.0" encoding="UTF-8"?>
<!-- Generated by org.testng.reporters.JUnitReportReporter -->
<testsuite hostname="IPC71" failures="0" tests="4" name="com.lbrce.cse.TestUserAthentication" time="0.007" errors="0" timestamp="2023-09-30T06:43:20 IST" skipped="0">
  <testcase classname="com.lbrce.cse.TestUserAthentication" name="test2" time="0.000"/>
  <testcase classname="com.lbrce.cse.TestUserAthentication" name="test3" time="0.001"/>
  <testcase classname="com.lbrce.cse.TestUserAthentication" name="test4" time="0.000"/>
  <testcase classname="com.lbrce.cse.TestUserAthentication" name="test1" time="0.006"/>
</testsuite> <!-- com.lbrce.cse.TestUserAthentication -->
